DEBUG main org.springframework.web.servlet.mvc.method.annotation.RequestMappingHandlerAdapter - ControllerAdvice beans: none
DEBUG main org.springframework.beans.factory.support.DefaultListableBeanFactory - Creating shared instance of singleton bean 'mvcUriComponentsContributor'
DEBUG main org.springframework.web.servlet.mvc.method.annotation.RequestMappingHandlerAdapter - ControllerAdvice beans: none
DEBUG main org.springframework.beans.factory.support.DefaultListableBeanFactory - Creating shared instance of singleton bean 'org.springframework.web.servlet.mvc.method.annotation.ExceptionHandlerExceptionResolver#0'
DEBUG main org.springframework.web.servlet.mvc.method.annotation.ExceptionHandlerExceptionResolver - ControllerAdvice beans: none
DEBUG main org.springframework.beans.factory.support.DefaultListableBeanFactory - Creating shared instance of singleton bean 'org.springframework.web.servlet.mvc.annotation.ResponseStatusExceptionResolver#0'
DEBUG main org.springframework.beans.factory.support.DefaultListableBeanFactory - Creating shared instance of singleton bean 'org.springframework.web.servlet.mvc.support.DefaultHandlerExceptionResolver#0'
DEBUG main org.springframework.beans.factory.support.DefaultListableBeanFactory - Creating shared instance of singleton bean 'org.springframework.web.servlet.handler.BeanNameUrlHandlerMapping'
DEBUG main org.springframework.beans.factory.support.DefaultListableBeanFactory - Creating shared instance of singleton bean 'org.springframework.web.servlet.mvc.HttpRequestHandlerAdapter'
DEBUG main org.springframework.beans.factory.support.DefaultListableBeanFactory - Creating shared instance of singleton bean 'org.springframework.web.servlet.mvc.SimpleControllerHandlerAdapter'
DEBUG main org.springframework.beans.factory.support.DefaultListableBeanFactory - Creating shared instance of singleton bean 'org.springframework.web.servlet.resource.DefaultServletHttpRequestHandler#0'
DEBUG main org.springframework.beans.factory.support.DefaultListableBeanFactory - Creating shared instance of singleton bean 'org.springframework.web.servlet.handler.SimpleUrlHandlerMapping#0'
DEBUG main org.springframework.web.servlet.handler.SimpleUrlHandlerMapping - Patterns [/**] in 'org.springframework.web.servlet.handler.SimpleUrlHandlerMapping#0'
DEBUG main org.springframework.beans.factory.support.DefaultListableBeanFactory - Creating shared instance of singleton bean 'panFileController'
DEBUG main org.springframework.beans.factory.support.DefaultListableBeanFactory - Creating shared instance of singleton bean 'gson'
DEBUG main org.springframework.beans.factory.support.DefaultListableBeanFactory - Creating shared instance of singleton bean 'userService'
DEBUG main org.springframework.beans.factory.support.DefaultListableBeanFactory - Creating shared instance of singleton bean 'userMapper'
DEBUG main org.springframework.beans.factory.support.DefaultListableBeanFactory - Creating shared instance of singleton bean 'panFileService'
DEBUG main org.springframework.beans.factory.support.DefaultListableBeanFactory - Creating shared instance of singleton bean 'panFileMapper'
DEBUG main org.springframework.beans.factory.support.DefaultListableBeanFactory - Creating shared instance of singleton bean 'userController'
DEBUG main org.springframework.beans.factory.support.DefaultListableBeanFactory - Creating shared instance of singleton bean 'org.springframework.web.servlet.view.InternalResourceViewResolver#0'
DEBUG main org.springframework.beans.factory.support.DefaultListableBeanFactory - Creating shared instance of singleton bean 'panFileServiceImpl'
DEBUG main org.springframework.beans.factory.support.DefaultListableBeanFactory - Creating shared instance of singleton bean 'userServiceImpl'
DEBUG main org.springframework.beans.factory.support.DefaultListableBeanFactory - Creating shared instance of singleton bean 'multipartResolver'
DEBUG main org.mybatis.spring.SqlSessionUtils - Creating a new SqlSession
DEBUG main org.mybatis.spring.SqlSessionUtils - SqlSession [org.apache.ibatis.session.defaults.DefaultSqlSession@126945f9] was not registered for synchronization because synchronization is not active
DEBUG main org.springframework.jdbc.datasource.DataSourceUtils - Fetching JDBC Connection from DataSource
INFO main com.alibaba.druid.pool.DruidDataSource - {dataSource-1} inited
DEBUG main org.mybatis.spring.transaction.SpringManagedTransaction - JDBC Connection [com.mysql.cj.jdbc.ConnectionImpl@25e2ab5a] will not be managed by Spring
DEBUG main com.pan.dao.PanFileMapper.queryInIds - ==>  Preparing: select * from pan_file WHERE id in ( ? , ? ) 
DEBUG main com.pan.dao.PanFileMapper.queryInIds - ==> Parameters: 22(Integer), 23(Integer)
DEBUG main com.pan.dao.PanFileMapper.queryInIds - <==      Total: 2
DEBUG main org.mybatis.spring.SqlSessionUtils - Closing non transactional SqlSession [org.apache.ibatis.session.defaults.DefaultSqlSession@126945f9]
DEBUG main org.springframework.jdbc.datasource.DataSourceUtils - Returning JDBC Connection to DataSource
DEBUG main org.springframework.context.support.ClassPathXmlApplicationContext - Refreshing org.springframework.context.support.ClassPathXmlApplicationContext@3834d63f
DEBUG main org.springframework.context.annotation.ClassPathBeanDefinitionScanner - Ignored because not a concrete top-level class: file [E:\idea-workspace\pan\target\classes\com\pan\dao\PanFileMapper.class]
DEBUG main org.springframework.context.annotation.ClassPathBeanDefinitionScanner - Ignored because not a concrete top-level class: file [E:\idea-workspace\pan\target\classes\com\pan\dao\UserMapper.class]
DEBUG main org.springframework.beans.factory.xml.XmlBeanDefinitionReader - Loaded 10 bean definitions from class path resource [spring-dao.xml]
DEBUG main org.springframework.context.annotation.ClassPathBeanDefinitionScanner - Identified candidate component class: file [E:\idea-workspace\pan\target\classes\com\pan\controller\Community.class]
DEBUG main org.springframework.context.annotation.ClassPathBeanDefinitionScanner - Identified candidate component class: file [E:\idea-workspace\pan\target\classes\com\pan\controller\PanFileController.class]
DEBUG main org.springframework.context.annotation.ClassPathBeanDefinitionScanner - Identified candidate component class: file [E:\idea-workspace\pan\target\classes\com\pan\controller\UserController.class]
DEBUG main org.springframework.beans.factory.xml.XmlBeanDefinitionReader - Loaded 20 bean definitions from class path resource [spring-mvc.xml]
DEBUG main org.springframework.context.annotation.ClassPathBeanDefinitionScanner - Ignored because not a concrete top-level class: file [E:\idea-workspace\pan\target\classes\com\pan\service\PanFileService.class]
DEBUG main org.springframework.context.annotation.ClassPathBeanDefinitionScanner - Identified candidate component class: file [E:\idea-workspace\pan\target\classes\com\pan\service\PanFileServiceImpl.class]
DEBUG main org.springframework.context.annotation.ClassPathBeanDefinitionScanner - Ignored because not a concrete top-level class: file [E:\idea-workspace\pan\target\classes\com\pan\service\UserService.class]
DEBUG main org.springframework.context.annotation.ClassPathBeanDefinitionScanner - Identified candidate component class: file [E:\idea-workspace\pan\target\classes\com\pan\service\UserServiceImpl.class]
DEBUG main org.springframework.beans.factory.xml.XmlBeanDefinitionReader - Loaded 6 bean definitions from class path resource [spring-service.xml]
DEBUG main org.springframework.beans.factory.xml.XmlBeanDefinitionReader - Loaded 36 bean definitions from class path resource [applicationContext.xml]
DEBUG main org.springframework.beans.factory.support.DefaultListableBeanFactory - Creating shared instance of singleton bean 'org.springframework.context.annotation.internalConfigurationAnnotationProcessor'
DEBUG main org.springframework.beans.factory.support.DefaultListableBeanFactory - Creating shared instance of singleton bean 'scanner'
DEBUG main org.apache.ibatis.logging.LogFactory - Logging initialized using 'class org.apache.ibatis.logging.slf4j.Slf4jImpl' adapter.
DEBUG main org.mybatis.spring.mapper.ClassPathMapperScanner - Identified candidate component class: file [E:\idea-workspace\pan\target\classes\com\pan\dao\PanFileMapper.class]
DEBUG main org.mybatis.spring.mapper.ClassPathMapperScanner - Identified candidate component class: file [E:\idea-workspace\pan\target\classes\com\pan\dao\UserMapper.class]
DEBUG main org.mybatis.spring.mapper.ClassPathMapperScanner - Creating MapperFactoryBean with name 'panFileMapper' and 'com.pan.dao.PanFileMapper' mapperInterface
DEBUG main org.mybatis.spring.mapper.ClassPathMapperScanner - Creating MapperFactoryBean with name 'userMapper' and 'com.pan.dao.UserMapper' mapperInterface
DEBUG main org.springframework.beans.factory.support.DefaultListableBeanFactory - Creating shared instance of singleton bean 'org.springframework.context.support.PropertySourcesPlaceholderConfigurer#0'
DEBUG main org.springframework.core.env.PropertySourcesPropertyResolver - Found key 'db.Driver' in PropertySource 'localProperties' with value of type String
DEBUG main org.springframework.core.env.PropertySourcesPropertyResolver - Found key 'db.url' in PropertySource 'localProperties' with value of type String
DEBUG main org.springframework.core.env.PropertySourcesPropertyResolver - Found key 'db.username' in PropertySource 'localProperties' with value of type String
DEBUG main org.springframework.core.env.PropertySourcesPropertyResolver - Found key 'db.password' in PropertySource 'localProperties' with value of type String
DEBUG main org.springframework.beans.factory.support.DefaultListableBeanFactory - Creating shared instance of singleton bean 'org.springframework.context.event.internalEventListenerProcessor'
DEBUG main org.springframework.beans.factory.support.DefaultListableBeanFactory - Creating shared instance of singleton bean 'org.springframework.context.event.internalEventListenerFactory'
DEBUG main org.springframework.beans.factory.support.DefaultListableBeanFactory - Creating shared instance of singleton bean 'org.springframework.context.annotation.internalAutowiredAnnotationProcessor'
DEBUG main org.springframework.beans.factory.support.DefaultListableBeanFactory - Creating shared instance of singleton bean 'org.springframework.context.annotation.internalCommonAnnotationProcessor'
DEBUG main org.springframework.beans.factory.support.DefaultListableBeanFactory - Creating shared instance of singleton bean 'dataSource'
DEBUG main org.springframework.beans.factory.support.DefaultListableBeanFactory - Creating shared instance of singleton bean 'ssfb'
DEBUG main org.apache.ibatis.io.VFS - Class not found: org.jboss.vfs.VFS
DEBUG main org.apache.ibatis.io.JBoss6VFS - JBoss 6 VFS API is not available in this environment.
DEBUG main org.apache.ibatis.io.VFS - Class not found: org.jboss.vfs.VirtualFile
DEBUG main org.apache.ibatis.io.VFS - VFS implementation org.apache.ibatis.io.JBoss6VFS is not valid in this environment.
DEBUG main org.apache.ibatis.io.VFS - Using VFS adapter org.apache.ibatis.io.DefaultVFS
DEBUG main org.mybatis.spring.SqlSessionFactoryBean - Parsed configuration file: 'class path resource [mybaties-config.xml]'
DEBUG main org.mybatis.spring.SqlSessionFactoryBean - Parsed mapper file: 'file [E:\idea-workspace\pan\target\classes\com\pan\dao\PanFileMapper.xml]'
DEBUG main org.mybatis.spring.SqlSessionFactoryBean - Parsed mapper file: 'file [E:\idea-workspace\pan\target\classes\com\pan\dao\UserMapper.xml]'
DEBUG main org.springframework.beans.factory.support.DefaultListableBeanFactory - Creating shared instance of singleton bean 'org.springframework.jdbc.datasource.DataSourceTransactionManager#0'
DEBUG main org.springframework.beans.factory.support.DefaultListableBeanFactory - Creating shared instance of singleton bean 'mvcContentNegotiationManager'
DEBUG main org.springframework.beans.factory.support.DefaultListableBeanFactory - Creating shared instance of singleton bean 'org.springframework.web.servlet.mvc.method.annotation.RequestMappingHandlerMapping'
DEBUG main org.springframework.beans.factory.support.DefaultListableBeanFactory - Creating shared instance of singleton bean 'mvcCorsConfigurations'
DEBUG main org.springframework.beans.factory.support.DefaultListableBeanFactory - Creating shared instance of singleton bean 'org.springframework.web.servlet.handler.MappedInterceptor#0'
DEBUG main org.springframework.beans.factory.support.DefaultListableBeanFactory - Creating shared instance of singleton bean 'org.springframework.format.support.FormattingConversionServiceFactoryBean#0'
DEBUG main org.springframework.web.servlet.mvc.method.annotation.RequestMappingHandlerMapping - 10 mappings in 'org.springframework.web.servlet.mvc.method.annotation.RequestMappingHandlerMapping'
DEBUG main org.springframework.beans.factory.support.DefaultListableBeanFactory - Creating shared instance of singleton bean 'org.springframework.web.servlet.mvc.method.annotation.RequestMappingHandlerAdapter'
DEBUG main org.springframework.web.servlet.mvc.method.annotation.RequestMappingHandlerAdapter - ControllerAdvice beans: none
DEBUG main org.springframework.beans.factory.support.DefaultListableBeanFactory - Creating shared instance of singleton bean 'mvcUriComponentsContributor'
DEBUG main org.springframework.web.servlet.mvc.method.annotation.RequestMappingHandlerAdapter - ControllerAdvice beans: none
DEBUG main org.springframework.beans.factory.support.DefaultListableBeanFactory - Creating shared instance of singleton bean 'org.springframework.web.servlet.mvc.method.annotation.ExceptionHandlerExceptionResolver#0'
DEBUG main org.springframework.web.servlet.mvc.method.annotation.ExceptionHandlerExceptionResolver - ControllerAdvice beans: none
DEBUG main org.springframework.beans.factory.support.DefaultListableBeanFactory - Creating shared instance of singleton bean 'org.springframework.web.servlet.mvc.annotation.ResponseStatusExceptionResolver#0'
DEBUG main org.springframework.beans.factory.support.DefaultListableBeanFactory - Creating shared instance of singleton bean 'org.springframework.web.servlet.mvc.support.DefaultHandlerExceptionResolver#0'
DEBUG main org.springframework.beans.factory.support.DefaultListableBeanFactory - Creating shared instance of singleton bean 'org.springframework.web.servlet.handler.BeanNameUrlHandlerMapping'
DEBUG main org.springframework.beans.factory.support.DefaultListableBeanFactory - Creating shared instance of singleton bean 'org.springframework.web.servlet.mvc.HttpRequestHandlerAdapter'
DEBUG main org.springframework.beans.factory.support.DefaultListableBeanFactory - Creating shared instance of singleton bean 'org.springframework.web.servlet.mvc.SimpleControllerHandlerAdapter'
DEBUG main org.springframework.beans.factory.support.DefaultListableBeanFactory - Creating shared instance of singleton bean 'org.springframework.web.servlet.resource.DefaultServletHttpRequestHandler#0'
DEBUG main org.springframework.beans.factory.support.DefaultListableBeanFactory - Creating shared instance of singleton bean 'org.springframework.web.servlet.handler.SimpleUrlHandlerMapping#0'
DEBUG main org.springframework.web.servlet.handler.SimpleUrlHandlerMapping - Patterns [/**] in 'org.springframework.web.servlet.handler.SimpleUrlHandlerMapping#0'
DEBUG main org.springframework.beans.factory.support.DefaultListableBeanFactory - Creating shared instance of singleton bean 'community'
DEBUG main org.springframework.beans.factory.support.DefaultListableBeanFactory - Creating shared instance of singleton bean 'panFileService'
DEBUG main org.springframework.beans.factory.support.DefaultListableBeanFactory - Creating shared instance of singleton bean 'panFileMapper'
DEBUG main org.springframework.beans.factory.support.DefaultListableBeanFactory - Creating shared instance of singleton bean 'gson'
DEBUG main org.springframework.beans.factory.support.DefaultListableBeanFactory - Creating shared instance of singleton bean 'panFileController'
DEBUG main org.springframework.beans.factory.support.DefaultListableBeanFactory - Creating shared instance of singleton bean 'userService'
DEBUG main org.springframework.beans.factory.support.DefaultListableBeanFactory - Creating shared instance of singleton bean 'userMapper'
DEBUG main org.springframework.beans.factory.support.DefaultListableBeanFactory - Creating shared instance of singleton bean 'userController'
DEBUG main org.springframework.beans.factory.support.DefaultListableBeanFactory - Creating shared instance of singleton bean 'org.springframework.web.servlet.view.InternalResourceViewResolver#0'
DEBUG main org.springframework.beans.factory.support.DefaultListableBeanFactory - Creating shared instance of singleton bean 'panFileServiceImpl'
DEBUG main org.springframework.beans.factory.support.DefaultListableBeanFactory - Creating shared instance of singleton bean 'userServiceImpl'
DEBUG main org.springframework.beans.factory.support.DefaultListableBeanFactory - Creating shared instance of singleton bean 'multipartResolver'
DEBUG main org.mybatis.spring.SqlSessionUtils - Creating a new SqlSession
DEBUG main org.mybatis.spring.SqlSessionUtils - SqlSession [org.apache.ibatis.session.defaults.DefaultSqlSession@28ec166e] was not registered for synchronization because synchronization is not active
DEBUG main org.springframework.jdbc.datasource.DataSourceUtils - Fetching JDBC Connection from DataSource
INFO main com.alibaba.druid.pool.DruidDataSource - {dataSource-1} inited
DEBUG main org.mybatis.spring.transaction.SpringManagedTransaction - JDBC Connection [com.mysql.cj.jdbc.ConnectionImpl@58ffcbd7] will not be managed by Spring
DEBUG main com.pan.dao.PanFileMapper.updateById - ==>  Preparing: update pan_file set count = ? ,1=1 where id=?; 
DEBUG main com.pan.dao.PanFileMapper.updateById - ==> Parameters: 4(Integer), 38(Integer)
DEBUG main org.mybatis.spring.SqlSessionUtils - Closing non transactional SqlSession [org.apache.ibatis.session.defaults.DefaultSqlSession@28ec166e]
DEBUG main org.springframework.jdbc.datasource.DataSourceUtils - Returning JDBC Connection to DataSource
DEBUG main org.springframework.beans.factory.xml.XmlBeanDefinitionReader - Loaded 11 bean definitions from class path resource [org/springframework/jdbc/support/sql-error-codes.xml]
DEBUG main org.springframework.beans.factory.support.DefaultListableBeanFactory - Creating shared instance of singleton bean 'DB2'
DEBUG main org.springframework.beans.factory.support.DefaultListableBeanFactory - Creating shared instance of singleton bean 'Derby'
DEBUG main org.springframework.beans.factory.support.DefaultListableBeanFactory - Creating shared instance of singleton bean 'H2'
DEBUG main org.springframework.beans.factory.support.DefaultListableBeanFactory - Creating shared instance of singleton bean 'HSQL'
DEBUG main org.springframework.beans.factory.support.DefaultListableBeanFactory - Creating shared instance of singleton bean 'Informix'
DEBUG main org.springframework.beans.factory.support.DefaultListableBeanFactory - Creating shared instance of singleton bean 'MS-SQL'
DEBUG main org.springframework.beans.factory.support.DefaultListableBeanFactory - Creating shared instance of singleton bean 'MySQL'
DEBUG main org.springframework.beans.factory.support.DefaultListableBeanFactory - Creating shared instance of singleton bean 'Oracle'
DEBUG main org.springframework.beans.factory.support.DefaultListableBeanFactory - Creating shared instance of singleton bean 'PostgreSQL'
DEBUG main org.springframework.beans.factory.support.DefaultListableBeanFactory - Creating shared instance of singleton bean 'Sybase'
DEBUG main org.springframework.beans.factory.support.DefaultListableBeanFactory - Creating shared instance of singleton bean 'Hana'
INFO main org.springframework.jdbc.support.SQLErrorCodesFactory - SQLErrorCodes loaded: [DB2, Derby, H2, HSQL, Informix, MS-SQL, MySQL, Oracle, PostgreSQL, Sybase, Hana]
DEBUG main org.springframework.jdbc.support.SQLErrorCodesFactory - Looking up default SQLErrorCodes for DataSource [{
	CreateTime:"2020-07-13 10:35:49",
	ActiveCount:0,
	PoolingCount:1,
	CreateCount:1,
	DestroyCount:0,
	CloseCount:1,
	ConnectCount:1,
	Connections:[
		{ID:1493158871, ConnectTime:"2020-07-13 10:35:51", UseCount:1, LastActiveTime:"2020-07-13 10:35:51"}
	]
}]
DEBUG main org.springframework.jdbc.datasource.DataSourceUtils - Fetching JDBC Connection from DataSource
DEBUG main org.springframework.jdbc.datasource.DataSourceUtils - Returning JDBC Connection to DataSource
DEBUG main org.springframework.jdbc.support.SQLErrorCodesFactory - Database product name cached for DataSource [com.alibaba.druid.pool.DruidDataSource@6f2cfcc2]: name is 'MySQL'
DEBUG main org.springframework.jdbc.support.SQLErrorCodesFactory - SQL error codes for 'MySQL' found
DEBUG main org.springframework.jdbc.support.SQLErrorCodeSQLExceptionTranslator - Translating SQLException with SQL state '42000', error code '1064', message [You have an error in your SQL syntax; check the manual that corresponds to your MySQL server version for the right syntax to use near '1=1 where id=38' at line 5]; SQL was [] for task [
### Error updating database.  Cause: java.sql.SQLSyntaxErrorException: You have an error in your SQL syntax; check the manual that corresponds to your MySQL server version for the right syntax to use near '1=1 where id=38' at line 5
### The error may involve com.pan.dao.PanFileMapper.updateById-Inline
### The error occurred while setting parameters
### SQL: update pan_file set                       count = ?                   ,1=1 where id=?;
### Cause: java.sql.SQLSyntaxErrorException: You have an error in your SQL syntax; check the manual that corresponds to your MySQL server version for the right syntax to use near '1=1 where id=38' at line 5
]
DEBUG main org.springframework.context.support.ClassPathXmlApplicationContext - Refreshing org.springframework.context.support.ClassPathXmlApplicationContext@3834d63f
DEBUG main org.springframework.context.annotation.ClassPathBeanDefinitionScanner - Ignored because not a concrete top-level class: file [E:\idea-workspace\pan\target\classes\com\pan\dao\PanFileMapper.class]
DEBUG main org.springframework.context.annotation.ClassPathBeanDefinitionScanner - Ignored because not a concrete top-level class: file [E:\idea-workspace\pan\target\classes\com\pan\dao\UserMapper.class]
DEBUG main org.springframework.beans.factory.xml.XmlBeanDefinitionReader - Loaded 10 bean definitions from class path resource [spring-dao.xml]
DEBUG main org.springframework.context.annotation.ClassPathBeanDefinitionScanner - Identified candidate component class: file [E:\idea-workspace\pan\target\classes\com\pan\controller\Community.class]
DEBUG main org.springframework.context.annotation.ClassPathBeanDefinitionScanner - Identified candidate component class: file [E:\idea-workspace\pan\target\classes\com\pan\controller\PanFileController.class]
DEBUG main org.springframework.context.annotation.ClassPathBeanDefinitionScanner - Identified candidate component class: file [E:\idea-workspace\pan\target\classes\com\pan\controller\UserController.class]
DEBUG main org.springframework.beans.factory.xml.XmlBeanDefinitionReader - Loaded 20 bean definitions from class path resource [spring-mvc.xml]
DEBUG main org.springframework.context.annotation.ClassPathBeanDefinitionScanner - Ignored because not a concrete top-level class: file [E:\idea-workspace\pan\target\classes\com\pan\service\PanFileService.class]
DEBUG main org.springframework.context.annotation.ClassPathBeanDefinitionScanner - Identified candidate component class: file [E:\idea-workspace\pan\target\classes\com\pan\service\PanFileServiceImpl.class]
DEBUG main org.springframework.context.annotation.ClassPathBeanDefinitionScanner - Ignored because not a concrete top-level class: file [E:\idea-workspace\pan\target\classes\com\pan\service\UserService.class]
DEBUG main org.springframework.context.annotation.ClassPathBeanDefinitionScanner - Identified candidate component class: file [E:\idea-workspace\pan\target\classes\com\pan\service\UserServiceImpl.class]
DEBUG main org.springframework.beans.factory.xml.XmlBeanDefinitionReader - Loaded 6 bean definitions from class path resource [spring-service.xml]
DEBUG main org.springframework.beans.factory.xml.XmlBeanDefinitionReader - Loaded 36 bean definitions from class path resource [applicationContext.xml]
DEBUG main org.springframework.beans.factory.support.DefaultListableBeanFactory - Creating shared instance of singleton bean 'org.springframework.context.annotation.internalConfigurationAnnotationProcessor'
DEBUG main org.springframework.beans.factory.support.DefaultListableBeanFactory - Creating shared instance of singleton bean 'scanner'
DEBUG main org.apache.ibatis.logging.LogFactory - Logging initialized using 'class org.apache.ibatis.logging.slf4j.Slf4jImpl' adapter.
DEBUG main org.mybatis.spring.mapper.ClassPathMapperScanner - Identified candidate component class: file [E:\idea-workspace\pan\target\classes\com\pan\dao\PanFileMapper.class]
DEBUG main org.mybatis.spring.mapper.ClassPathMapperScanner - Identified candidate component class: file [E:\idea-workspace\pan\target\classes\com\pan\dao\UserMapper.class]
DEBUG main org.mybatis.spring.mapper.ClassPathMapperScanner - Creating MapperFactoryBean with name 'panFileMapper' and 'com.pan.dao.PanFileMapper' mapperInterface
DEBUG main org.mybatis.spring.mapper.ClassPathMapperScanner - Creating MapperFactoryBean with name 'userMapper' and 'com.pan.dao.UserMapper' mapperInterface
DEBUG main org.springframework.beans.factory.support.DefaultListableBeanFactory - Creating shared instance of singleton bean 'org.springframework.context.support.PropertySourcesPlaceholderConfigurer#0'
DEBUG main org.springframework.core.env.PropertySourcesPropertyResolver - Found key 'db.Driver' in PropertySource 'localProperties' with value of type String
DEBUG main org.springframework.core.env.PropertySourcesPropertyResolver - Found key 'db.url' in PropertySource 'localProperties' with value of type String
DEBUG main org.springframework.core.env.PropertySourcesPropertyResolver - Found key 'db.username' in PropertySource 'localProperties' with value of type String
DEBUG main org.springframework.core.env.PropertySourcesPropertyResolver - Found key 'db.password' in PropertySource 'localProperties' with value of type String
DEBUG main org.springframework.beans.factory.support.DefaultListableBeanFactory - Creating shared instance of singleton bean 'org.springframework.context.event.internalEventListenerProcessor'
DEBUG main org.springframework.beans.factory.support.DefaultListableBeanFactory - Creating shared instance of singleton bean 'org.springframework.context.event.internalEventListenerFactory'
DEBUG main org.springframework.beans.factory.support.DefaultListableBeanFactory - Creating shared instance of singleton bean 'org.springframework.context.annotation.internalAutowiredAnnotationProcessor'
DEBUG main org.springframework.beans.factory.support.DefaultListableBeanFactory - Creating shared instance of singleton bean 'org.springframework.context.annotation.internalCommonAnnotationProcessor'
DEBUG main org.springframework.beans.factory.support.DefaultListableBeanFactory - Creating shared instance of singleton bean 'dataSource'
DEBUG main org.springframework.beans.factory.support.DefaultListableBeanFactory - Creating shared instance of singleton bean 'ssfb'
DEBUG main org.apache.ibatis.io.VFS - Class not found: org.jboss.vfs.VFS
DEBUG main org.apache.ibatis.io.JBoss6VFS - JBoss 6 VFS API is not available in this environment.
DEBUG main org.apache.ibatis.io.VFS - Class not found: org.jboss.vfs.VirtualFile
DEBUG main org.apache.ibatis.io.VFS - VFS implementation org.apache.ibatis.io.JBoss6VFS is not valid in this environment.
DEBUG main org.apache.ibatis.io.VFS - Using VFS adapter org.apache.ibatis.io.DefaultVFS
DEBUG main org.mybatis.spring.SqlSessionFactoryBean - Parsed configuration file: 'class path resource [mybaties-config.xml]'
DEBUG main org.mybatis.spring.SqlSessionFactoryBean - Parsed mapper file: 'file [E:\idea-workspace\pan\target\classes\com\pan\dao\PanFileMapper.xml]'
DEBUG main org.mybatis.spring.SqlSessionFactoryBean - Parsed mapper file: 'file [E:\idea-workspace\pan\target\classes\com\pan\dao\UserMapper.xml]'
DEBUG main org.springframework.beans.factory.support.DefaultListableBeanFactory - Creating shared instance of singleton bean 'org.springframework.jdbc.datasource.DataSourceTransactionManager#0'
DEBUG main org.springframework.beans.factory.support.DefaultListableBeanFactory - Creating shared instance of singleton bean 'mvcContentNegotiationManager'
DEBUG main org.springframework.beans.factory.support.DefaultListableBeanFactory - Creating shared instance of singleton bean 'org.springframework.web.servlet.mvc.method.annotation.RequestMappingHandlerMapping'
DEBUG main org.springframework.beans.factory.support.DefaultListableBeanFactory - Creating shared instance of singleton bean 'mvcCorsConfigurations'
DEBUG main org.springframework.beans.factory.support.DefaultListableBeanFactory - Creating shared instance of singleton bean 'org.springframework.web.servlet.handler.MappedInterceptor#0'
DEBUG main org.springframework.beans.factory.support.DefaultListableBeanFactory - Creating shared instance of singleton bean 'org.springframework.format.support.FormattingConversionServiceFactoryBean#0'
DEBUG main org.springframework.web.servlet.mvc.method.annotation.RequestMappingHandlerMapping - 10 mappings in 'org.springframework.web.servlet.mvc.method.annotation.RequestMappingHandlerMapping'
DEBUG main org.springframework.beans.factory.support.DefaultListableBeanFactory - Creating shared instance of singleton bean 'org.springframework.web.servlet.mvc.method.annotation.RequestMappingHandlerAdapter'
DEBUG main org.springframework.web.servlet.mvc.method.annotation.RequestMappingHandlerAdapter - ControllerAdvice beans: none
DEBUG main org.springframework.beans.factory.support.DefaultListableBeanFactory - Creating shared instance of singleton bean 'mvcUriComponentsContributor'
DEBUG main org.springframework.web.servlet.mvc.method.annotation.RequestMappingHandlerAdapter - ControllerAdvice beans: none
DEBUG main org.springframework.beans.factory.support.DefaultListableBeanFactory - Creating shared instance of singleton bean 'org.springframework.web.servlet.mvc.method.annotation.ExceptionHandlerExceptionResolver#0'
DEBUG main org.springframework.web.servlet.mvc.method.annotation.ExceptionHandlerExceptionResolver - ControllerAdvice beans: none
DEBUG main org.springframework.beans.factory.support.DefaultListableBeanFactory - Creating shared instance of singleton bean 'org.springframework.web.servlet.mvc.annotation.ResponseStatusExceptionResolver#0'
DEBUG main org.springframework.beans.factory.support.DefaultListableBeanFactory - Creating shared instance of singleton bean 'org.springframework.web.servlet.mvc.support.DefaultHandlerExceptionResolver#0'
DEBUG main org.springframework.beans.factory.support.DefaultListableBeanFactory - Creating shared instance of singleton bean 'org.springframework.web.servlet.handler.BeanNameUrlHandlerMapping'
DEBUG main org.springframework.beans.factory.support.DefaultListableBeanFactory - Creating shared instance of singleton bean 'org.springframework.web.servlet.mvc.HttpRequestHandlerAdapter'
DEBUG main org.springframework.beans.factory.support.DefaultListableBeanFactory - Creating shared instance of singleton bean 'org.springframework.web.servlet.mvc.SimpleControllerHandlerAdapter'
DEBUG main org.springframework.beans.factory.support.DefaultListableBeanFactory - Creating shared instance of singleton bean 'org.springframework.web.servlet.resource.DefaultServletHttpRequestHandler#0'
DEBUG main org.springframework.beans.factory.support.DefaultListableBeanFactory - Creating shared instance of singleton bean 'org.springframework.web.servlet.handler.SimpleUrlHandlerMapping#0'
DEBUG main org.springframework.web.servlet.handler.SimpleUrlHandlerMapping - Patterns [/**] in 'org.springframework.web.servlet.handler.SimpleUrlHandlerMapping#0'
DEBUG main org.springframework.beans.factory.support.DefaultListableBeanFactory - Creating shared instance of singleton bean 'community'
DEBUG main org.springframework.beans.factory.support.DefaultListableBeanFactory - Creating shared instance of singleton bean 'panFileService'
DEBUG main org.springframework.beans.factory.support.DefaultListableBeanFactory - Creating shared instance of singleton bean 'panFileMapper'
DEBUG main org.springframework.beans.factory.support.DefaultListableBeanFactory - Creating shared instance of singleton bean 'gson'
DEBUG main org.springframework.beans.factory.support.DefaultListableBeanFactory - Creating shared instance of singleton bean 'panFileController'
DEBUG main org.springframework.beans.factory.support.DefaultListableBeanFactory - Creating shared instance of singleton bean 'userService'
DEBUG main org.springframework.beans.factory.support.DefaultListableBeanFactory - Creating shared instance of singleton bean 'userMapper'
DEBUG main org.springframework.beans.factory.support.DefaultListableBeanFactory - Creating shared instance of singleton bean 'userController'
DEBUG main org.springframework.beans.factory.support.DefaultListableBeanFactory - Creating shared instance of singleton bean 'org.springframework.web.servlet.view.InternalResourceViewResolver#0'
DEBUG main org.springframework.beans.factory.support.DefaultListableBeanFactory - Creating shared instance of singleton bean 'panFileServiceImpl'
DEBUG main org.springframework.beans.factory.support.DefaultListableBeanFactory - Creating shared instance of singleton bean 'userServiceImpl'
DEBUG main org.springframework.beans.factory.support.DefaultListableBeanFactory - Creating shared instance of singleton bean 'multipartResolver'
DEBUG main org.mybatis.spring.SqlSessionUtils - Creating a new SqlSession
DEBUG main org.mybatis.spring.SqlSessionUtils - SqlSession [org.apache.ibatis.session.defaults.DefaultSqlSession@28ec166e] was not registered for synchronization because synchronization is not active
DEBUG main org.springframework.jdbc.datasource.DataSourceUtils - Fetching JDBC Connection from DataSource
INFO main com.alibaba.druid.pool.DruidDataSource - {dataSource-1} inited
DEBUG main org.mybatis.spring.transaction.SpringManagedTransaction - JDBC Connection [com.mysql.cj.jdbc.ConnectionImpl@58ffcbd7] will not be managed by Spring
DEBUG main com.pan.dao.PanFileMapper.updateById - ==>  Preparing: update pan_file set count = ? ,1=1 where id=?; 
DEBUG main com.pan.dao.PanFileMapper.updateById - ==> Parameters: 4(Integer), 38(Integer)
DEBUG main org.mybatis.spring.SqlSessionUtils - Closing non transactional SqlSession [org.apache.ibatis.session.defaults.DefaultSqlSession@28ec166e]
DEBUG main org.springframework.jdbc.datasource.DataSourceUtils - Returning JDBC Connection to DataSource
DEBUG main org.springframework.beans.factory.xml.XmlBeanDefinitionReader - Loaded 11 bean definitions from class path resource [org/springframework/jdbc/support/sql-error-codes.xml]
DEBUG main org.springframework.beans.factory.support.DefaultListableBeanFactory - Creating shared instance of singleton bean 'DB2'
DEBUG main org.springframework.beans.factory.support.DefaultListableBeanFactory - Creating shared instance of singleton bean 'Derby'
DEBUG main org.springframework.beans.factory.support.DefaultListableBeanFactory - Creating shared instance of singleton bean 'H2'
DEBUG main org.springframework.beans.factory.support.DefaultListableBeanFactory - Creating shared instance of singleton bean 'HSQL'
DEBUG main org.springframework.beans.factory.support.DefaultListableBeanFactory - Creating shared instance of singleton bean 'Informix'
DEBUG main org.springframework.beans.factory.support.DefaultListableBeanFactory - Creating shared instance of singleton bean 'MS-SQL'
DEBUG main org.springframework.beans.factory.support.DefaultListableBeanFactory - Creating shared instance of singleton bean 'MySQL'
DEBUG main org.springframework.beans.factory.support.DefaultListableBeanFactory - Creating shared instance of singleton bean 'Oracle'
DEBUG main org.springframework.beans.factory.support.DefaultListableBeanFactory - Creating shared instance of singleton bean 'PostgreSQL'
DEBUG main org.springframework.beans.factory.support.DefaultListableBeanFactory - Creating shared instance of singleton bean 'Sybase'
DEBUG main org.springframework.beans.factory.support.DefaultListableBeanFactory - Creating shared instance of singleton bean 'Hana'
INFO main org.springframework.jdbc.support.SQLErrorCodesFactory - SQLErrorCodes loaded: [DB2, Derby, H2, HSQL, Informix, MS-SQL, MySQL, Oracle, PostgreSQL, Sybase, Hana]
DEBUG main org.springframework.jdbc.support.SQLErrorCodesFactory - Looking up default SQLErrorCodes for DataSource [{
	CreateTime:"2020-07-13 10:40:26",
	ActiveCount:0,
	PoolingCount:1,
	CreateCount:1,
	DestroyCount:0,
	CloseCount:1,
	ConnectCount:1,
	Connections:[
		{ID:1493158871, ConnectTime:"2020-07-13 10:40:28", UseCount:1, LastActiveTime:"2020-07-13 10:40:28"}
	]
}]
DEBUG main org.springframework.jdbc.datasource.DataSourceUtils - Fetching JDBC Connection from DataSource
DEBUG main org.springframework.jdbc.datasource.DataSourceUtils - Returning JDBC Connection to DataSource
DEBUG main org.springframework.jdbc.support.SQLErrorCodesFactory - Database product name cached for DataSource [com.alibaba.druid.pool.DruidDataSource@6f2cfcc2]: name is 'MySQL'
DEBUG main org.springframework.jdbc.support.SQLErrorCodesFactory - SQL error codes for 'MySQL' found
DEBUG main org.springframework.jdbc.support.SQLErrorCodeSQLExceptionTranslator - Translating SQLException with SQL state '42000', error code '1064', message [You have an error in your SQL syntax; check the manual that corresponds to your MySQL server version for the right syntax to use near '1=1 where id=38' at line 5]; SQL was [] for task [
### Error updating database.  Cause: java.sql.SQLSyntaxErrorException: You have an error in your SQL syntax; check the manual that corresponds to your MySQL server version for the right syntax to use near '1=1 where id=38' at line 5
### The error may involve com.pan.dao.PanFileMapper.updateById-Inline
### The error occurred while setting parameters
### SQL: update pan_file set                       count = ?                   ,1=1 where id=?;
### Cause: java.sql.SQLSyntaxErrorException: You have an error in your SQL syntax; check the manual that corresponds to your MySQL server version for the right syntax to use near '1=1 where id=38' at line 5
]
DEBUG main org.springframework.context.support.ClassPathXmlApplicationContext - Refreshing org.springframework.context.support.ClassPathXmlApplicationContext@3834d63f
DEBUG main org.springframework.context.annotation.ClassPathBeanDefinitionScanner - Ignored because not a concrete top-level class: file [E:\idea-workspace\pan\target\classes\com\pan\dao\PanFileMapper.class]
DEBUG main org.springframework.context.annotation.ClassPathBeanDefinitionScanner - Ignored because not a concrete top-level class: file [E:\idea-workspace\pan\target\classes\com\pan\dao\UserMapper.class]
DEBUG main org.springframework.beans.factory.xml.XmlBeanDefinitionReader - Loaded 10 bean definitions from class path resource [spring-dao.xml]
DEBUG main org.springframework.context.annotation.ClassPathBeanDefinitionScanner - Identified candidate component class: file [E:\idea-workspace\pan\target\classes\com\pan\controller\Community.class]
DEBUG main org.springframework.context.annotation.ClassPathBeanDefinitionScanner - Identified candidate component class: file [E:\idea-workspace\pan\target\classes\com\pan\controller\PanFileController.class]
DEBUG main org.springframework.context.annotation.ClassPathBeanDefinitionScanner - Identified candidate component class: file [E:\idea-workspace\pan\target\classes\com\pan\controller\UserController.class]
DEBUG main org.springframework.beans.factory.xml.XmlBeanDefinitionReader - Loaded 20 bean definitions from class path resource [spring-mvc.xml]
DEBUG main org.springframework.context.annotation.ClassPathBeanDefinitionScanner - Ignored because not a concrete top-level class: file [E:\idea-workspace\pan\target\classes\com\pan\service\PanFileService.class]
DEBUG main org.springframework.context.annotation.ClassPathBeanDefinitionScanner - Identified candidate component class: file [E:\idea-workspace\pan\target\classes\com\pan\service\PanFileServiceImpl.class]
DEBUG main org.springframework.context.annotation.ClassPathBeanDefinitionScanner - Ignored because not a concrete top-level class: file [E:\idea-workspace\pan\target\classes\com\pan\service\UserService.class]
DEBUG main org.springframework.context.annotation.ClassPathBeanDefinitionScanner - Identified candidate component class: file [E:\idea-workspace\pan\target\classes\com\pan\service\UserServiceImpl.class]
DEBUG main org.springframework.beans.factory.xml.XmlBeanDefinitionReader - Loaded 6 bean definitions from class path resource [spring-service.xml]
DEBUG main org.springframework.beans.factory.xml.XmlBeanDefinitionReader - Loaded 36 bean definitions from class path resource [applicationContext.xml]
DEBUG main org.springframework.beans.factory.support.DefaultListableBeanFactory - Creating shared instance of singleton bean 'org.springframework.context.annotation.internalConfigurationAnnotationProcessor'
DEBUG main org.springframework.beans.factory.support.DefaultListableBeanFactory - Creating shared instance of singleton bean 'scanner'
DEBUG main org.apache.ibatis.logging.LogFactory - Logging initialized using 'class org.apache.ibatis.logging.slf4j.Slf4jImpl' adapter.
DEBUG main org.mybatis.spring.mapper.ClassPathMapperScanner - Identified candidate component class: file [E:\idea-workspace\pan\target\classes\com\pan\dao\PanFileMapper.class]
DEBUG main org.mybatis.spring.mapper.ClassPathMapperScanner - Identified candidate component class: file [E:\idea-workspace\pan\target\classes\com\pan\dao\UserMapper.class]
DEBUG main org.mybatis.spring.mapper.ClassPathMapperScanner - Creating MapperFactoryBean with name 'panFileMapper' and 'com.pan.dao.PanFileMapper' mapperInterface
DEBUG main org.mybatis.spring.mapper.ClassPathMapperScanner - Creating MapperFactoryBean with name 'userMapper' and 'com.pan.dao.UserMapper' mapperInterface
DEBUG main org.springframework.beans.factory.support.DefaultListableBeanFactory - Creating shared instance of singleton bean 'org.springframework.context.support.PropertySourcesPlaceholderConfigurer#0'
DEBUG main org.springframework.core.env.PropertySourcesPropertyResolver - Found key 'db.Driver' in PropertySource 'localProperties' with value of type String
DEBUG main org.springframework.core.env.PropertySourcesPropertyResolver - Found key 'db.url' in PropertySource 'localProperties' with value of type String
DEBUG main org.springframework.core.env.PropertySourcesPropertyResolver - Found key 'db.username' in PropertySource 'localProperties' with value of type String
DEBUG main org.springframework.core.env.PropertySourcesPropertyResolver - Found key 'db.password' in PropertySource 'localProperties' with value of type String
DEBUG main org.springframework.beans.factory.support.DefaultListableBeanFactory - Creating shared instance of singleton bean 'org.springframework.context.event.internalEventListenerProcessor'
DEBUG main org.springframework.beans.factory.support.DefaultListableBeanFactory - Creating shared instance of singleton bean 'org.springframework.context.event.internalEventListenerFactory'
DEBUG main org.springframework.beans.factory.support.DefaultListableBeanFactory - Creating shared instance of singleton bean 'org.springframework.context.annotation.internalAutowiredAnnotationProcessor'
DEBUG main org.springframework.beans.factory.support.DefaultListableBeanFactory - Creating shared instance of singleton bean 'org.springframework.context.annotation.internalCommonAnnotationProcessor'
DEBUG main org.springframework.beans.factory.support.DefaultListableBeanFactory - Creating shared instance of singleton bean 'dataSource'
DEBUG main org.springframework.beans.factory.support.DefaultListableBeanFactory - Creating shared instance of singleton bean 'ssfb'
DEBUG main org.apache.ibatis.io.VFS - Class not found: org.jboss.vfs.VFS
DEBUG main org.apache.ibatis.io.JBoss6VFS - JBoss 6 VFS API is not available in this environment.
DEBUG main org.apache.ibatis.io.VFS - Class not found: org.jboss.vfs.VirtualFile
DEBUG main org.apache.ibatis.io.VFS - VFS implementation org.apache.ibatis.io.JBoss6VFS is not valid in this environment.
DEBUG main org.apache.ibatis.io.VFS - Using VFS adapter org.apache.ibatis.io.DefaultVFS
DEBUG main org.mybatis.spring.SqlSessionFactoryBean - Parsed configuration file: 'class path resource [mybaties-config.xml]'
DEBUG main org.mybatis.spring.SqlSessionFactoryBean - Parsed mapper file: 'file [E:\idea-workspace\pan\target\classes\com\pan\dao\PanFileMapper.xml]'
DEBUG main org.mybatis.spring.SqlSessionFactoryBean - Parsed mapper file: 'file [E:\idea-workspace\pan\target\classes\com\pan\dao\UserMapper.xml]'
DEBUG main org.springframework.beans.factory.support.DefaultListableBeanFactory - Creating shared instance of singleton bean 'org.springframework.jdbc.datasource.DataSourceTransactionManager#0'
DEBUG main org.springframework.beans.factory.support.DefaultListableBeanFactory - Creating shared instance of singleton bean 'mvcContentNegotiationManager'
DEBUG main org.springframework.beans.factory.support.DefaultListableBeanFactory - Creating shared instance of singleton bean 'org.springframework.web.servlet.mvc.method.annotation.RequestMappingHandlerMapping'
DEBUG main org.springframework.beans.factory.support.DefaultListableBeanFactory - Creating shared instance of singleton bean 'mvcCorsConfigurations'
DEBUG main org.springframework.beans.factory.support.DefaultListableBeanFactory - Creating shared instance of singleton bean 'org.springframework.web.servlet.handler.MappedInterceptor#0'
DEBUG main org.springframework.beans.factory.support.DefaultListableBeanFactory - Creating shared instance of singleton bean 'org.springframework.format.support.FormattingConversionServiceFactoryBean#0'
DEBUG main org.springframework.web.servlet.mvc.method.annotation.RequestMappingHandlerMapping - 10 mappings in 'org.springframework.web.servlet.mvc.method.annotation.RequestMappingHandlerMapping'
DEBUG main org.springframework.beans.factory.support.DefaultListableBeanFactory - Creating shared instance of singleton bean 'org.springframework.web.servlet.mvc.method.annotation.RequestMappingHandlerAdapter'
DEBUG main org.springframework.web.servlet.mvc.method.annotation.RequestMappingHandlerAdapter - ControllerAdvice beans: none
DEBUG main org.springframework.beans.factory.support.DefaultListableBeanFactory - Creating shared instance of singleton bean 'mvcUriComponentsContributor'
DEBUG main org.springframework.web.servlet.mvc.method.annotation.RequestMappingHandlerAdapter - ControllerAdvice beans: none
DEBUG main org.springframework.beans.factory.support.DefaultListableBeanFactory - Creating shared instance of singleton bean 'org.springframework.web.servlet.mvc.method.annotation.ExceptionHandlerExceptionResolver#0'
DEBUG main org.springframework.web.servlet.mvc.method.annotation.ExceptionHandlerExceptionResolver - ControllerAdvice beans: none
DEBUG main org.springframework.beans.factory.support.DefaultListableBeanFactory - Creating shared instance of singleton bean 'org.springframework.web.servlet.mvc.annotation.ResponseStatusExceptionResolver#0'
DEBUG main org.springframework.beans.factory.support.DefaultListableBeanFactory - Creating shared instance of singleton bean 'org.springframework.web.servlet.mvc.support.DefaultHandlerExceptionResolver#0'
DEBUG main org.springframework.beans.factory.support.DefaultListableBeanFactory - Creating shared instance of singleton bean 'org.springframework.web.servlet.handler.BeanNameUrlHandlerMapping'
DEBUG main org.springframework.beans.factory.support.DefaultListableBeanFactory - Creating shared instance of singleton bean 'org.springframework.web.servlet.mvc.HttpRequestHandlerAdapter'
DEBUG main org.springframework.beans.factory.support.DefaultListableBeanFactory - Creating shared instance of singleton bean 'org.springframework.web.servlet.mvc.SimpleControllerHandlerAdapter'
DEBUG main org.springframework.beans.factory.support.DefaultListableBeanFactory - Creating shared instance of singleton bean 'org.springframework.web.servlet.resource.DefaultServletHttpRequestHandler#0'
DEBUG main org.springframework.beans.factory.support.DefaultListableBeanFactory - Creating shared instance of singleton bean 'org.springframework.web.servlet.handler.SimpleUrlHandlerMapping#0'
DEBUG main org.springframework.web.servlet.handler.SimpleUrlHandlerMapping - Patterns [/**] in 'org.springframework.web.servlet.handler.SimpleUrlHandlerMapping#0'
DEBUG main org.springframework.beans.factory.support.DefaultListableBeanFactory - Creating shared instance of singleton bean 'community'
DEBUG main org.springframework.beans.factory.support.DefaultListableBeanFactory - Creating shared instance of singleton bean 'panFileService'
DEBUG main org.springframework.beans.factory.support.DefaultListableBeanFactory - Creating shared instance of singleton bean 'panFileMapper'
DEBUG main org.springframework.beans.factory.support.DefaultListableBeanFactory - Creating shared instance of singleton bean 'gson'
DEBUG main org.springframework.beans.factory.support.DefaultListableBeanFactory - Creating shared instance of singleton bean 'panFileController'
DEBUG main org.springframework.beans.factory.support.DefaultListableBeanFactory - Creating shared instance of singleton bean 'userService'
DEBUG main org.springframework.beans.factory.support.DefaultListableBeanFactory - Creating shared instance of singleton bean 'userMapper'
DEBUG main org.springframework.beans.factory.support.DefaultListableBeanFactory - Creating shared instance of singleton bean 'userController'
DEBUG main org.springframework.beans.factory.support.DefaultListableBeanFactory - Creating shared instance of singleton bean 'org.springframework.web.servlet.view.InternalResourceViewResolver#0'
DEBUG main org.springframework.beans.factory.support.DefaultListableBeanFactory - Creating shared instance of singleton bean 'panFileServiceImpl'
DEBUG main org.springframework.beans.factory.support.DefaultListableBeanFactory - Creating shared instance of singleton bean 'userServiceImpl'
DEBUG main org.springframework.beans.factory.support.DefaultListableBeanFactory - Creating shared instance of singleton bean 'multipartResolver'
DEBUG main org.mybatis.spring.SqlSessionUtils - Creating a new SqlSession
DEBUG main org.mybatis.spring.SqlSessionUtils - SqlSession [org.apache.ibatis.session.defaults.DefaultSqlSession@28ec166e] was not registered for synchronization because synchronization is not active
DEBUG main org.springframework.jdbc.datasource.DataSourceUtils - Fetching JDBC Connection from DataSource
INFO main com.alibaba.druid.pool.DruidDataSource - {dataSource-1} inited
DEBUG main org.mybatis.spring.transaction.SpringManagedTransaction - JDBC Connection [com.mysql.cj.jdbc.ConnectionImpl@58ffcbd7] will not be managed by Spring
DEBUG main com.pan.dao.PanFileMapper.updateById - ==>  Preparing: update pan_file set id=? count = ? where id=?; 
DEBUG main com.pan.dao.PanFileMapper.updateById - ==> Parameters: 38(Integer), 4(Integer), 38(Integer)
DEBUG main org.mybatis.spring.SqlSessionUtils - Closing non transactional SqlSession [org.apache.ibatis.session.defaults.DefaultSqlSession@28ec166e]
DEBUG main org.springframework.jdbc.datasource.DataSourceUtils - Returning JDBC Connection to DataSource
DEBUG main org.springframework.beans.factory.xml.XmlBeanDefinitionReader - Loaded 11 bean definitions from class path resource [org/springframework/jdbc/support/sql-error-codes.xml]
DEBUG main org.springframework.beans.factory.support.DefaultListableBeanFactory - Creating shared instance of singleton bean 'DB2'
DEBUG main org.springframework.beans.factory.support.DefaultListableBeanFactory - Creating shared instance of singleton bean 'Derby'
DEBUG main org.springframework.beans.factory.support.DefaultListableBeanFactory - Creating shared instance of singleton bean 'H2'
DEBUG main org.springframework.beans.factory.support.DefaultListableBeanFactory - Creating shared instance of singleton bean 'HSQL'
DEBUG main org.springframework.beans.factory.support.DefaultListableBeanFactory - Creating shared instance of singleton bean 'Informix'
DEBUG main org.springframework.beans.factory.support.DefaultListableBeanFactory - Creating shared instance of singleton bean 'MS-SQL'
DEBUG main org.springframework.beans.factory.support.DefaultListableBeanFactory - Creating shared instance of singleton bean 'MySQL'
DEBUG main org.springframework.beans.factory.support.DefaultListableBeanFactory - Creating shared instance of singleton bean 'Oracle'
DEBUG main org.springframework.beans.factory.support.DefaultListableBeanFactory - Creating shared instance of singleton bean 'PostgreSQL'
DEBUG main org.springframework.beans.factory.support.DefaultListableBeanFactory - Creating shared instance of singleton bean 'Sybase'
DEBUG main org.springframework.beans.factory.support.DefaultListableBeanFactory - Creating shared instance of singleton bean 'Hana'
INFO main org.springframework.jdbc.support.SQLErrorCodesFactory - SQLErrorCodes loaded: [DB2, Derby, H2, HSQL, Informix, MS-SQL, MySQL, Oracle, PostgreSQL, Sybase, Hana]
DEBUG main org.springframework.jdbc.support.SQLErrorCodesFactory - Looking up default SQLErrorCodes for DataSource [{
	CreateTime:"2020-07-13 10:41:48",
	ActiveCount:0,
	PoolingCount:1,
	CreateCount:1,
	DestroyCount:0,
	CloseCount:1,
	ConnectCount:1,
	Connections:[
		{ID:1493158871, ConnectTime:"2020-07-13 10:41:50", UseCount:1, LastActiveTime:"2020-07-13 10:41:50"}
	]
}]
DEBUG main org.springframework.jdbc.datasource.DataSourceUtils - Fetching JDBC Connection from DataSource
DEBUG main org.springframework.jdbc.datasource.DataSourceUtils - Returning JDBC Connection to DataSource
DEBUG main org.springframework.jdbc.support.SQLErrorCodesFactory - Database product name cached for DataSource [com.alibaba.druid.pool.DruidDataSource@6f2cfcc2]: name is 'MySQL'
DEBUG main org.springframework.jdbc.support.SQLErrorCodesFactory - SQL error codes for 'MySQL' found
DEBUG main org.springframework.jdbc.support.SQLErrorCodeSQLExceptionTranslator - Translating SQLException with SQL state '42000', error code '1064', message [You have an error in your SQL syntax; check the manual that corresponds to your MySQL server version for the right syntax to use near 'count = 4
          where id=38' at line 3]; SQL was [] for task [
### Error updating database.  Cause: java.sql.SQLSyntaxErrorException: You have an error in your SQL syntax; check the manual that corresponds to your MySQL server version for the right syntax to use near 'count = 4
          where id=38' at line 3
### The error may involve com.pan.dao.PanFileMapper.updateById-Inline
### The error occurred while setting parameters
### SQL: update pan_file set id=?                       count = ?           where id=?;
### Cause: java.sql.SQLSyntaxErrorException: You have an error in your SQL syntax; check the manual that corresponds to your MySQL server version for the right syntax to use near 'count = 4
          where id=38' at line 3
]
DEBUG main org.springframework.context.support.ClassPathXmlApplicationContext - Refreshing org.springframework.context.support.ClassPathXmlApplicationContext@3834d63f
DEBUG main org.springframework.context.annotation.ClassPathBeanDefinitionScanner - Ignored because not a concrete top-level class: file [E:\idea-workspace\pan\target\classes\com\pan\dao\PanFileMapper.class]
DEBUG main org.springframework.context.annotation.ClassPathBeanDefinitionScanner - Ignored because not a concrete top-level class: file [E:\idea-workspace\pan\target\classes\com\pan\dao\UserMapper.class]
DEBUG main org.springframework.beans.factory.xml.XmlBeanDefinitionReader - Loaded 10 bean definitions from class path resource [spring-dao.xml]
DEBUG main org.springframework.context.annotation.ClassPathBeanDefinitionScanner - Identified candidate component class: file [E:\idea-workspace\pan\target\classes\com\pan\controller\Community.class]
DEBUG main org.springframework.context.annotation.ClassPathBeanDefinitionScanner - Identified candidate component class: file [E:\idea-workspace\pan\target\classes\com\pan\controller\PanFileController.class]
DEBUG main org.springframework.context.annotation.ClassPathBeanDefinitionScanner - Identified candidate component class: file [E:\idea-workspace\pan\target\classes\com\pan\controller\UserController.class]
DEBUG main org.springframework.beans.factory.xml.XmlBeanDefinitionReader - Loaded 20 bean definitions from class path resource [spring-mvc.xml]
DEBUG main org.springframework.context.annotation.ClassPathBeanDefinitionScanner - Ignored because not a concrete top-level class: file [E:\idea-workspace\pan\target\classes\com\pan\service\PanFileService.class]
DEBUG main org.springframework.context.annotation.ClassPathBeanDefinitionScanner - Identified candidate component class: file [E:\idea-workspace\pan\target\classes\com\pan\service\PanFileServiceImpl.class]
DEBUG main org.springframework.context.annotation.ClassPathBeanDefinitionScanner - Ignored because not a concrete top-level class: file [E:\idea-workspace\pan\target\classes\com\pan\service\UserService.class]
DEBUG main org.springframework.context.annotation.ClassPathBeanDefinitionScanner - Identified candidate component class: file [E:\idea-workspace\pan\target\classes\com\pan\service\UserServiceImpl.class]
DEBUG main org.springframework.beans.factory.xml.XmlBeanDefinitionReader - Loaded 6 bean definitions from class path resource [spring-service.xml]
DEBUG main org.springframework.beans.factory.xml.XmlBeanDefinitionReader - Loaded 36 bean definitions from class path resource [applicationContext.xml]
DEBUG main org.springframework.beans.factory.support.DefaultListableBeanFactory - Creating shared instance of singleton bean 'org.springframework.context.annotation.internalConfigurationAnnotationProcessor'
DEBUG main org.springframework.beans.factory.support.DefaultListableBeanFactory - Creating shared instance of singleton bean 'scanner'
DEBUG main org.apache.ibatis.logging.LogFactory - Logging initialized using 'class org.apache.ibatis.logging.slf4j.Slf4jImpl' adapter.
DEBUG main org.mybatis.spring.mapper.ClassPathMapperScanner - Identified candidate component class: file [E:\idea-workspace\pan\target\classes\com\pan\dao\PanFileMapper.class]
DEBUG main org.mybatis.spring.mapper.ClassPathMapperScanner - Identified candidate component class: file [E:\idea-workspace\pan\target\classes\com\pan\dao\UserMapper.class]
DEBUG main org.mybatis.spring.mapper.ClassPathMapperScanner - Creating MapperFactoryBean with name 'panFileMapper' and 'com.pan.dao.PanFileMapper' mapperInterface
DEBUG main org.mybatis.spring.mapper.ClassPathMapperScanner - Creating MapperFactoryBean with name 'userMapper' and 'com.pan.dao.UserMapper' mapperInterface
DEBUG main org.springframework.beans.factory.support.DefaultListableBeanFactory - Creating shared instance of singleton bean 'org.springframework.context.support.PropertySourcesPlaceholderConfigurer#0'
DEBUG main org.springframework.core.env.PropertySourcesPropertyResolver - Found key 'db.Driver' in PropertySource 'localProperties' with value of type String
DEBUG main org.springframework.core.env.PropertySourcesPropertyResolver - Found key 'db.url' in PropertySource 'localProperties' with value of type String
DEBUG main org.springframework.core.env.PropertySourcesPropertyResolver - Found key 'db.username' in PropertySource 'localProperties' with value of type String
DEBUG main org.springframework.core.env.PropertySourcesPropertyResolver - Found key 'db.password' in PropertySource 'localProperties' with value of type String
DEBUG main org.springframework.beans.factory.support.DefaultListableBeanFactory - Creating shared instance of singleton bean 'org.springframework.context.event.internalEventListenerProcessor'
DEBUG main org.springframework.beans.factory.support.DefaultListableBeanFactory - Creating shared instance of singleton bean 'org.springframework.context.event.internalEventListenerFactory'
DEBUG main org.springframework.beans.factory.support.DefaultListableBeanFactory - Creating shared instance of singleton bean 'org.springframework.context.annotation.internalAutowiredAnnotationProcessor'
DEBUG main org.springframework.beans.factory.support.DefaultListableBeanFactory - Creating shared instance of singleton bean 'org.springframework.context.annotation.internalCommonAnnotationProcessor'
DEBUG main org.springframework.beans.factory.support.DefaultListableBeanFactory - Creating shared instance of singleton bean 'dataSource'
DEBUG main org.springframework.beans.factory.support.DefaultListableBeanFactory - Creating shared instance of singleton bean 'ssfb'
DEBUG main org.apache.ibatis.io.VFS - Class not found: org.jboss.vfs.VFS
DEBUG main org.apache.ibatis.io.JBoss6VFS - JBoss 6 VFS API is not available in this environment.
DEBUG main org.apache.ibatis.io.VFS - Class not found: org.jboss.vfs.VirtualFile
DEBUG main org.apache.ibatis.io.VFS - VFS implementation org.apache.ibatis.io.JBoss6VFS is not valid in this environment.
DEBUG main org.apache.ibatis.io.VFS - Using VFS adapter org.apache.ibatis.io.DefaultVFS
DEBUG main org.mybatis.spring.SqlSessionFactoryBean - Parsed configuration file: 'class path resource [mybaties-config.xml]'
DEBUG main org.mybatis.spring.SqlSessionFactoryBean - Parsed mapper file: 'file [E:\idea-workspace\pan\target\classes\com\pan\dao\PanFileMapper.xml]'
DEBUG main org.mybatis.spring.SqlSessionFactoryBean - Parsed mapper file: 'file [E:\idea-workspace\pan\target\classes\com\pan\dao\UserMapper.xml]'
DEBUG main org.springframework.beans.factory.support.DefaultListableBeanFactory - Creating shared instance of singleton bean 'org.springframework.jdbc.datasource.DataSourceTransactionManager#0'
DEBUG main org.springframework.beans.factory.support.DefaultListableBeanFactory - Creating shared instance of singleton bean 'mvcContentNegotiationManager'
DEBUG main org.springframework.beans.factory.support.DefaultListableBeanFactory - Creating shared instance of singleton bean 'org.springframework.web.servlet.mvc.method.annotation.RequestMappingHandlerMapping'
DEBUG main org.springframework.beans.factory.support.DefaultListableBeanFactory - Creating shared instance of singleton bean 'mvcCorsConfigurations'
DEBUG main org.springframework.beans.factory.support.DefaultListableBeanFactory - Creating shared instance of singleton bean 'org.springframework.web.servlet.handler.MappedInterceptor#0'
DEBUG main org.springframework.beans.factory.support.DefaultListableBeanFactory - Creating shared instance of singleton bean 'org.springframework.format.support.FormattingConversionServiceFactoryBean#0'
DEBUG main org.springframework.web.servlet.mvc.method.annotation.RequestMappingHandlerMapping - 10 mappings in 'org.springframework.web.servlet.mvc.method.annotation.RequestMappingHandlerMapping'
DEBUG main org.springframework.beans.factory.support.DefaultListableBeanFactory - Creating shared instance of singleton bean 'org.springframework.web.servlet.mvc.method.annotation.RequestMappingHandlerAdapter'
DEBUG main org.springframework.web.servlet.mvc.method.annotation.RequestMappingHandlerAdapter - ControllerAdvice beans: none
DEBUG main org.springframework.beans.factory.support.DefaultListableBeanFactory - Creating shared instance of singleton bean 'mvcUriComponentsContributor'
DEBUG main org.springframework.web.servlet.mvc.method.annotation.RequestMappingHandlerAdapter - ControllerAdvice beans: none
DEBUG main org.springframework.beans.factory.support.DefaultListableBeanFactory - Creating shared instance of singleton bean 'org.springframework.web.servlet.mvc.method.annotation.ExceptionHandlerExceptionResolver#0'
DEBUG main org.springframework.web.servlet.mvc.method.annotation.ExceptionHandlerExceptionResolver - ControllerAdvice beans: none
DEBUG main org.springframework.beans.factory.support.DefaultListableBeanFactory - Creating shared instance of singleton bean 'org.springframework.web.servlet.mvc.annotation.ResponseStatusExceptionResolver#0'
DEBUG main org.springframework.beans.factory.support.DefaultListableBeanFactory - Creating shared instance of singleton bean 'org.springframework.web.servlet.mvc.support.DefaultHandlerExceptionResolver#0'
DEBUG main org.springframework.beans.factory.support.DefaultListableBeanFactory - Creating shared instance of singleton bean 'org.springframework.web.servlet.handler.BeanNameUrlHandlerMapping'
DEBUG main org.springframework.beans.factory.support.DefaultListableBeanFactory - Creating shared instance of singleton bean 'org.springframework.web.servlet.mvc.HttpRequestHandlerAdapter'
DEBUG main org.springframework.beans.factory.support.DefaultListableBeanFactory - Creating shared instance of singleton bean 'org.springframework.web.servlet.mvc.SimpleControllerHandlerAdapter'
DEBUG main org.springframework.beans.factory.support.DefaultListableBeanFactory - Creating shared instance of singleton bean 'org.springframework.web.servlet.resource.DefaultServletHttpRequestHandler#0'
DEBUG main org.springframework.beans.factory.support.DefaultListableBeanFactory - Creating shared instance of singleton bean 'org.springframework.web.servlet.handler.SimpleUrlHandlerMapping#0'
DEBUG main org.springframework.web.servlet.handler.SimpleUrlHandlerMapping - Patterns [/**] in 'org.springframework.web.servlet.handler.SimpleUrlHandlerMapping#0'
DEBUG main org.springframework.beans.factory.support.DefaultListableBeanFactory - Creating shared instance of singleton bean 'community'
DEBUG main org.springframework.beans.factory.support.DefaultListableBeanFactory - Creating shared instance of singleton bean 'panFileService'
DEBUG main org.springframework.beans.factory.support.DefaultListableBeanFactory - Creating shared instance of singleton bean 'panFileMapper'
DEBUG main org.springframework.beans.factory.support.DefaultListableBeanFactory - Creating shared instance of singleton bean 'gson'
DEBUG main org.springframework.beans.factory.support.DefaultListableBeanFactory - Creating shared instance of singleton bean 'panFileController'
DEBUG main org.springframework.beans.factory.support.DefaultListableBeanFactory - Creating shared instance of singleton bean 'userService'
DEBUG main org.springframework.beans.factory.support.DefaultListableBeanFactory - Creating shared instance of singleton bean 'userMapper'
DEBUG main org.springframework.beans.factory.support.DefaultListableBeanFactory - Creating shared instance of singleton bean 'userController'
DEBUG main org.springframework.beans.factory.support.DefaultListableBeanFactory - Creating shared instance of singleton bean 'org.springframework.web.servlet.view.InternalResourceViewResolver#0'
DEBUG main org.springframework.beans.factory.support.DefaultListableBeanFactory - Creating shared instance of singleton bean 'panFileServiceImpl'
DEBUG main org.springframework.beans.factory.support.DefaultListableBeanFactory - Creating shared instance of singleton bean 'userServiceImpl'
DEBUG main org.springframework.beans.factory.support.DefaultListableBeanFactory - Creating shared instance of singleton bean 'multipartResolver'
DEBUG main org.mybatis.spring.SqlSessionUtils - Creating a new SqlSession
DEBUG main org.mybatis.spring.SqlSessionUtils - SqlSession [org.apache.ibatis.session.defaults.DefaultSqlSession@28ec166e] was not registered for synchronization because synchronization is not active
DEBUG main org.springframework.jdbc.datasource.DataSourceUtils - Fetching JDBC Connection from DataSource
INFO main com.alibaba.druid.pool.DruidDataSource - {dataSource-1} inited
DEBUG main org.mybatis.spring.transaction.SpringManagedTransaction - JDBC Connection [com.mysql.cj.jdbc.ConnectionImpl@58ffcbd7] will not be managed by Spring
DEBUG main com.pan.dao.PanFileMapper.updateById - ==>  Preparing: update pan_file set id=?, count = ? where id=?; 
DEBUG main com.pan.dao.PanFileMapper.updateById - ==> Parameters: 38(Integer), 4(Integer), 38(Integer)
DEBUG main com.pan.dao.PanFileMapper.updateById - <==    Updates: 1
DEBUG main org.mybatis.spring.SqlSessionUtils - Closing non transactional SqlSession [org.apache.ibatis.session.defaults.DefaultSqlSession@28ec166e]
DEBUG main org.springframework.jdbc.datasource.DataSourceUtils - Returning JDBC Connection to DataSource
DEBUG main org.springframework.context.support.ClassPathXmlApplicationContext - Refreshing org.springframework.context.support.ClassPathXmlApplicationContext@3834d63f
DEBUG main org.springframework.context.annotation.ClassPathBeanDefinitionScanner - Ignored because not a concrete top-level class: file [E:\idea-workspace\pan\target\classes\com\pan\dao\PanFileMapper.class]
DEBUG main org.springframework.context.annotation.ClassPathBeanDefinitionScanner - Ignored because not a concrete top-level class: file [E:\idea-workspace\pan\target\classes\com\pan\dao\UserMapper.class]
DEBUG main org.springframework.beans.factory.xml.XmlBeanDefinitionReader - Loaded 10 bean definitions from class path resource [spring-dao.xml]
DEBUG main org.springframework.context.annotation.ClassPathBeanDefinitionScanner - Identified candidate component class: file [E:\idea-workspace\pan\target\classes\com\pan\controller\Community.class]
DEBUG main org.springframework.context.annotation.ClassPathBeanDefinitionScanner - Identified candidate component class: file [E:\idea-workspace\pan\target\classes\com\pan\controller\PanFileController.class]
DEBUG main org.springframework.context.annotation.ClassPathBeanDefinitionScanner - Identified candidate component class: file [E:\idea-workspace\pan\target\classes\com\pan\controller\UserController.class]
DEBUG main org.springframework.beans.factory.xml.XmlBeanDefinitionReader - Loaded 20 bean definitions from class path resource [spring-mvc.xml]
DEBUG main org.springframework.context.annotation.ClassPathBeanDefinitionScanner - Ignored because not a concrete top-level class: file [E:\idea-workspace\pan\target\classes\com\pan\service\PanFileService.class]
DEBUG main org.springframework.context.annotation.ClassPathBeanDefinitionScanner - Identified candidate component class: file [E:\idea-workspace\pan\target\classes\com\pan\service\PanFileServiceImpl.class]
DEBUG main org.springframework.context.annotation.ClassPathBeanDefinitionScanner - Ignored because not a concrete top-level class: file [E:\idea-workspace\pan\target\classes\com\pan\service\UserService.class]
DEBUG main org.springframework.context.annotation.ClassPathBeanDefinitionScanner - Identified candidate component class: file [E:\idea-workspace\pan\target\classes\com\pan\service\UserServiceImpl.class]
DEBUG main org.springframework.beans.factory.xml.XmlBeanDefinitionReader - Loaded 6 bean definitions from class path resource [spring-service.xml]
DEBUG main org.springframework.beans.factory.xml.XmlBeanDefinitionReader - Loaded 36 bean definitions from class path resource [applicationContext.xml]
DEBUG main org.springframework.beans.factory.support.DefaultListableBeanFactory - Creating shared instance of singleton bean 'org.springframework.context.annotation.internalConfigurationAnnotationProcessor'
DEBUG main org.springframework.beans.factory.support.DefaultListableBeanFactory - Creating shared instance of singleton bean 'scanner'
DEBUG main org.apache.ibatis.logging.LogFactory - Logging initialized using 'class org.apache.ibatis.logging.slf4j.Slf4jImpl' adapter.
DEBUG main org.mybatis.spring.mapper.ClassPathMapperScanner - Identified candidate component class: file [E:\idea-workspace\pan\target\classes\com\pan\dao\PanFileMapper.class]
DEBUG main org.mybatis.spring.mapper.ClassPathMapperScanner - Identified candidate component class: file [E:\idea-workspace\pan\target\classes\com\pan\dao\UserMapper.class]
DEBUG main org.mybatis.spring.mapper.ClassPathMapperScanner - Creating MapperFactoryBean with name 'panFileMapper' and 'com.pan.dao.PanFileMapper' mapperInterface
DEBUG main org.mybatis.spring.mapper.ClassPathMapperScanner - Creating MapperFactoryBean with name 'userMapper' and 'com.pan.dao.UserMapper' mapperInterface
DEBUG main org.springframework.beans.factory.support.DefaultListableBeanFactory - Creating shared instance of singleton bean 'org.springframework.context.support.PropertySourcesPlaceholderConfigurer#0'
DEBUG main org.springframework.core.env.PropertySourcesPropertyResolver - Found key 'db.Driver' in PropertySource 'localProperties' with value of type String
DEBUG main org.springframework.core.env.PropertySourcesPropertyResolver - Found key 'db.url' in PropertySource 'localProperties' with value of type String
DEBUG main org.springframework.core.env.PropertySourcesPropertyResolver - Found key 'db.username' in PropertySource 'localProperties' with value of type String
DEBUG main org.springframework.core.env.PropertySourcesPropertyResolver - Found key 'db.password' in PropertySource 'localProperties' with value of type String
DEBUG main org.springframework.beans.factory.support.DefaultListableBeanFactory - Creating shared instance of singleton bean 'org.springframework.context.event.internalEventListenerProcessor'
DEBUG main org.springframework.beans.factory.support.DefaultListableBeanFactory - Creating shared instance of singleton bean 'org.springframework.context.event.internalEventListenerFactory'
DEBUG main org.springframework.beans.factory.support.DefaultListableBeanFactory - Creating shared instance of singleton bean 'org.springframework.context.annotation.internalAutowiredAnnotationProcessor'
DEBUG main org.springframework.beans.factory.support.DefaultListableBeanFactory - Creating shared instance of singleton bean 'org.springframework.context.annotation.internalCommonAnnotationProcessor'
DEBUG main org.springframework.beans.factory.support.DefaultListableBeanFactory - Creating shared instance of singleton bean 'dataSource'
DEBUG main org.springframework.beans.factory.support.DefaultListableBeanFactory - Creating shared instance of singleton bean 'ssfb'
DEBUG main org.apache.ibatis.io.VFS - Class not found: org.jboss.vfs.VFS
DEBUG main org.apache.ibatis.io.JBoss6VFS - JBoss 6 VFS API is not available in this environment.
DEBUG main org.apache.ibatis.io.VFS - Class not found: org.jboss.vfs.VirtualFile
DEBUG main org.apache.ibatis.io.VFS - VFS implementation org.apache.ibatis.io.JBoss6VFS is not valid in this environment.
DEBUG main org.apache.ibatis.io.VFS - Using VFS adapter org.apache.ibatis.io.DefaultVFS
DEBUG main org.mybatis.spring.SqlSessionFactoryBean - Parsed configuration file: 'class path resource [mybaties-config.xml]'
DEBUG main org.mybatis.spring.SqlSessionFactoryBean - Parsed mapper file: 'file [E:\idea-workspace\pan\target\classes\com\pan\dao\PanFileMapper.xml]'
DEBUG main org.mybatis.spring.SqlSessionFactoryBean - Parsed mapper file: 'file [E:\idea-workspace\pan\target\classes\com\pan\dao\UserMapper.xml]'
DEBUG main org.springframework.beans.factory.support.DefaultListableBeanFactory - Creating shared instance of singleton bean 'org.springframework.jdbc.datasource.DataSourceTransactionManager#0'
DEBUG main org.springframework.beans.factory.support.DefaultListableBeanFactory - Creating shared instance of singleton bean 'mvcContentNegotiationManager'
DEBUG main org.springframework.beans.factory.support.DefaultListableBeanFactory - Creating shared instance of singleton bean 'org.springframework.web.servlet.mvc.method.annotation.RequestMappingHandlerMapping'
DEBUG main org.springframework.beans.factory.support.DefaultListableBeanFactory - Creating shared instance of singleton bean 'mvcCorsConfigurations'
DEBUG main org.springframework.beans.factory.support.DefaultListableBeanFactory - Creating shared instance of singleton bean 'org.springframework.web.servlet.handler.MappedInterceptor#0'
DEBUG main org.springframework.beans.factory.support.DefaultListableBeanFactory - Creating shared instance of singleton bean 'org.springframework.format.support.FormattingConversionServiceFactoryBean#0'
DEBUG main org.springframework.web.servlet.mvc.method.annotation.RequestMappingHandlerMapping - 10 mappings in 'org.springframework.web.servlet.mvc.method.annotation.RequestMappingHandlerMapping'
DEBUG main org.springframework.beans.factory.support.DefaultListableBeanFactory - Creating shared instance of singleton bean 'org.springframework.web.servlet.mvc.method.annotation.RequestMappingHandlerAdapter'
DEBUG main org.springframework.web.servlet.mvc.method.annotation.RequestMappingHandlerAdapter - ControllerAdvice beans: none
DEBUG main org.springframework.beans.factory.support.DefaultListableBeanFactory - Creating shared instance of singleton bean 'mvcUriComponentsContributor'
DEBUG main org.springframework.web.servlet.mvc.method.annotation.RequestMappingHandlerAdapter - ControllerAdvice beans: none
DEBUG main org.springframework.beans.factory.support.DefaultListableBeanFactory - Creating shared instance of singleton bean 'org.springframework.web.servlet.mvc.method.annotation.ExceptionHandlerExceptionResolver#0'
DEBUG main org.springframework.web.servlet.mvc.method.annotation.ExceptionHandlerExceptionResolver - ControllerAdvice beans: none
DEBUG main org.springframework.beans.factory.support.DefaultListableBeanFactory - Creating shared instance of singleton bean 'org.springframework.web.servlet.mvc.annotation.ResponseStatusExceptionResolver#0'
DEBUG main org.springframework.beans.factory.support.DefaultListableBeanFactory - Creating shared instance of singleton bean 'org.springframework.web.servlet.mvc.support.DefaultHandlerExceptionResolver#0'
DEBUG main org.springframework.beans.factory.support.DefaultListableBeanFactory - Creating shared instance of singleton bean 'org.springframework.web.servlet.handler.BeanNameUrlHandlerMapping'
DEBUG main org.springframework.beans.factory.support.DefaultListableBeanFactory - Creating shared instance of singleton bean 'org.springframework.web.servlet.mvc.HttpRequestHandlerAdapter'
DEBUG main org.springframework.beans.factory.support.DefaultListableBeanFactory - Creating shared instance of singleton bean 'org.springframework.web.servlet.mvc.SimpleControllerHandlerAdapter'
DEBUG main org.springframework.beans.factory.support.DefaultListableBeanFactory - Creating shared instance of singleton bean 'org.springframework.web.servlet.resource.DefaultServletHttpRequestHandler#0'
DEBUG main org.springframework.beans.factory.support.DefaultListableBeanFactory - Creating shared instance of singleton bean 'org.springframework.web.servlet.handler.SimpleUrlHandlerMapping#0'
DEBUG main org.springframework.web.servlet.handler.SimpleUrlHandlerMapping - Patterns [/**] in 'org.springframework.web.servlet.handler.SimpleUrlHandlerMapping#0'
DEBUG main org.springframework.beans.factory.support.DefaultListableBeanFactory - Creating shared instance of singleton bean 'community'
DEBUG main org.springframework.beans.factory.support.DefaultListableBeanFactory - Creating shared instance of singleton bean 'panFileService'
DEBUG main org.springframework.beans.factory.support.DefaultListableBeanFactory - Creating shared instance of singleton bean 'panFileMapper'
DEBUG main org.springframework.beans.factory.support.DefaultListableBeanFactory - Creating shared instance of singleton bean 'gson'
DEBUG main org.springframework.beans.factory.support.DefaultListableBeanFactory - Creating shared instance of singleton bean 'panFileController'
DEBUG main org.springframework.beans.factory.support.DefaultListableBeanFactory - Creating shared instance of singleton bean 'userService'
DEBUG main org.springframework.beans.factory.support.DefaultListableBeanFactory - Creating shared instance of singleton bean 'userMapper'
DEBUG main org.springframework.beans.factory.support.DefaultListableBeanFactory - Creating shared instance of singleton bean 'userController'
DEBUG main org.springframework.beans.factory.support.DefaultListableBeanFactory - Creating shared instance of singleton bean 'org.springframework.web.servlet.view.InternalResourceViewResolver#0'
DEBUG main org.springframework.beans.factory.support.DefaultListableBeanFactory - Creating shared instance of singleton bean 'panFileServiceImpl'
DEBUG main org.springframework.beans.factory.support.DefaultListableBeanFactory - Creating shared instance of singleton bean 'userServiceImpl'
DEBUG main org.springframework.beans.factory.support.DefaultListableBeanFactory - Creating shared instance of singleton bean 'multipartResolver'
DEBUG main org.mybatis.spring.SqlSessionUtils - Creating a new SqlSession
DEBUG main org.mybatis.spring.SqlSessionUtils - SqlSession [org.apache.ibatis.session.defaults.DefaultSqlSession@28ec166e] was not registered for synchronization because synchronization is not active
DEBUG main org.springframework.jdbc.datasource.DataSourceUtils - Fetching JDBC Connection from DataSource
INFO main com.alibaba.druid.pool.DruidDataSource - {dataSource-1} inited
DEBUG main org.mybatis.spring.transaction.SpringManagedTransaction - JDBC Connection [com.mysql.cj.jdbc.ConnectionImpl@58ffcbd7] will not be managed by Spring
DEBUG main com.pan.dao.PanFileMapper.updateById - ==>  Preparing: update pan_file set id=?, count = ? where id=?; 
DEBUG main com.pan.dao.PanFileMapper.updateById - ==> Parameters: 38(Integer), 4(Integer), 38(Integer)
DEBUG main com.pan.dao.PanFileMapper.updateById - <==    Updates: 1
DEBUG main org.mybatis.spring.SqlSessionUtils - Closing non transactional SqlSession [org.apache.ibatis.session.defaults.DefaultSqlSession@28ec166e]
DEBUG main org.springframework.jdbc.datasource.DataSourceUtils - Returning JDBC Connection to DataSource
